<?xml version="1.0" encoding="UTF-8"?>
<testsuite xmlns:xsi="http://www.w3.org/2001/XMLSchema-instance" xsi:noNamespaceSchemaLocation="https://maven.apache.org/surefire/maven-surefire-plugin/xsd/surefire-test-report-3.0.xsd" version="3.0" name="com.example.chat.ChatApplicationTests" time="5.454" tests="1" errors="0" skipped="0" failures="0">
  <properties>
[...]
</properties>
  <testcase name="contextLoads" classname="com.example.chat.ChatApplicationTests" time="1.501">
    <system-out><![CDATA[18:09:28.636 [main] INFO org.springframework.test.context.support.AnnotationConfigContextLoaderUtils -- Could not detect default configuration classes for test class [com.example.chat.ChatApplicationTests]: ChatApplicationTests does not declare any static, non-private, non-final, nested classes annotated with @Configuration.
18:09:28.878 [main] INFO org.springframework.boot.test.context.SpringBootTestContextBootstrapper -- Found @SpringBootConfiguration com.example.chat.ChatApplication for test class com.example.chat.ChatApplicationTests

  .   ____          _            __ _ _
 /\\ / ___'_ __ _ _(_)_ __  __ _ \ \ \ \
( ( )\___ | '_ | '_| | '_ \/ _` | \ \ \ \
 \\/  ___)| |_)| | | | | || (_| |  ) ) ) )
  '  |____| .__|_| |_|_| |_\__, | / / / /
 =========|_|==============|___/=/_/_/_/

 :: Spring Boot ::                (v3.3.4)

2024-11-17T18:09:29.703+05:30  INFO 660 --- [chat] [           main] com.example.chat.ChatApplicationTests    : Starting ChatApplicationTests using Java 21.0.4 with PID 660 (started by suvra in C:\dev-spring-boot\projects\group chat)
2024-11-17T18:09:29.706+05:30  INFO 660 --- [chat] [           main] com.example.chat.ChatApplicationTests    : No active profile set, falling back to 1 default profile: "default"
2024-11-17T18:09:31.842+05:30  INFO 660 --- [chat] [           main] o.s.b.a.w.s.WelcomePageHandlerMapping    : Adding welcome page: class path resource [static/index.html]
2024-11-17T18:09:32.183+05:30  INFO 660 --- [chat] [           main] o.s.m.s.b.SimpleBrokerMessageHandler     : Starting...
2024-11-17T18:09:32.188+05:30  INFO 660 --- [chat] [           main] o.s.m.s.b.SimpleBrokerMessageHandler     : BrokerAvailabilityEvent[available=true, SimpleBrokerMessageHandler [org.springframework.messaging.simp.broker.DefaultSubscriptionRegistry@18a19e]]
2024-11-17T18:09:32.190+05:30  INFO 660 --- [chat] [           main] o.s.m.s.b.SimpleBrokerMessageHandler     : Started.
2024-11-17T18:09:32.207+05:30  INFO 660 --- [chat] [           main] com.example.chat.ChatApplicationTests    : Started ChatApplicationTests in 3.048 seconds (process running for 4.997)
]]></system-out>
    <system-err><![CDATA[WARNING: A Java agent has been loaded dynamically (C:\Users\suvra\.m2\repository\net\bytebuddy\byte-buddy-agent\1.14.19\byte-buddy-agent-1.14.19.jar)
WARNING: If a serviceability tool is in use, please run with -XX:+EnableDynamicAgentLoading to hide this warning
WARNING: If a serviceability tool is not in use, please run with -Djdk.instrument.traceUsage for more information
WARNING: Dynamic loading of agents will be disallowed by default in a future release
]]></system-err>
  </testcase>
</testsuite>